<?xml version="1.0" encoding="UTF-8"?>
<!-- Generated by org.testng.reporters.JUnitReportReporter -->
<testsuite skipped="0" hostname="Akshay" name="com.InetBanking.TestCases.LoginPageTC" tests="1" failures="0" timestamp="25 Oct 2019 05:10:51 GMT" time="10.029" errors="0">
  <testcase name="loginTest" time="10.029" classname="com.InetBanking.TestCases.LoginPageTC"/>
</testsuite> <!-- com.InetBanking.TestCases.LoginPageTC -->
