<?xml version="1.0" encoding="UTF-8"?>
<!-- Generated by org.testng.reporters.JUnitReportReporter -->
<testsuite hostname="Akshay" name="com.InetBanking.TestCases.LoginPageTC" tests="1" failures="0" timestamp="28 Oct 2019 06:37:31 GMT" time="145.559" errors="0">
  <testcase name="loginTest" time="145.559" classname="com.InetBanking.TestCases.LoginPageTC"/>
</testsuite> <!-- com.InetBanking.TestCases.LoginPageTC -->
